::1 - - [13/Feb/2022:16:40:37 +0000] "GET / HTTP/1.1" 404 139 "-" "Mozilla/5.0 (Windows NT 10.0; Win64; x64) AppleWebKit/537.36 (KHTML, like Gecko) Chrome/98.0.4758.82 Safari/537.36"
::1 - - [13/Feb/2022:16:40:39 +0000] "GET / HTTP/1.1" 404 139 "-" "Mozilla/5.0 (Windows NT 10.0; Win64; x64) AppleWebKit/537.36 (KHTML, like Gecko) Chrome/98.0.4758.82 Safari/537.36"
::ffff:127.0.0.1 - - [13/Feb/2022:16:41:02 +0000] "GET / HTTP/1.1" 404 139 "-" "Mozilla/5.0 (Windows NT 10.0; Win64; x64) AppleWebKit/537.36 (KHTML, like Gecko) Chrome/98.0.4758.82 Safari/537.36"
::1 - - [13/Feb/2022:16:43:00 +0000] "GET / HTTP/1.1" 404 139 "-" "Mozilla/5.0 (Windows NT 10.0; Win64; x64) AppleWebKit/537.36 (KHTML, like Gecko) Chrome/98.0.4758.82 Safari/537.36"
::1 - - [13/Feb/2022:16:43:02 +0000] "GET / HTTP/1.1" 404 139 "-" "Mozilla/5.0 (Windows NT 10.0; Win64; x64) AppleWebKit/537.36 (KHTML, like Gecko) Chrome/98.0.4758.82 Safari/537.36"
::1 - - [13/Feb/2022:16:43:12 +0000] "GET / HTTP/1.1" 404 139 "-" "Mozilla/5.0 (Windows NT 10.0; Win64; x64) AppleWebKit/537.36 (KHTML, like Gecko) Chrome/98.0.4758.82 Safari/537.36"
::1 - - [13/Feb/2022:16:43:13 +0000] "GET / HTTP/1.1" 404 139 "-" "Mozilla/5.0 (Windows NT 10.0; Win64; x64) AppleWebKit/537.36 (KHTML, like Gecko) Chrome/98.0.4758.82 Safari/537.36"
::1 - - [13/Feb/2022:16:43:13 +0000] "GET / HTTP/1.1" 404 139 "-" "Mozilla/5.0 (Windows NT 10.0; Win64; x64) AppleWebKit/537.36 (KHTML, like Gecko) Chrome/98.0.4758.82 Safari/537.36"
::1 - - [13/Feb/2022:16:43:13 +0000] "GET / HTTP/1.1" 404 139 "-" "Mozilla/5.0 (Windows NT 10.0; Win64; x64) AppleWebKit/537.36 (KHTML, like Gecko) Chrome/98.0.4758.82 Safari/537.36"
::1 - - [13/Feb/2022:16:43:13 +0000] "GET / HTTP/1.1" 404 139 "-" "Mozilla/5.0 (Windows NT 10.0; Win64; x64) AppleWebKit/537.36 (KHTML, like Gecko) Chrome/98.0.4758.82 Safari/537.36"
::1 - - [13/Feb/2022:16:43:20 +0000] "GET /api/v1/categories/ HTTP/1.1" 304 - "-" "Mozilla/5.0 (Windows NT 10.0; Win64; x64) AppleWebKit/537.36 (KHTML, like Gecko) Chrome/98.0.4758.82 Safari/537.36"
::1 - - [13/Feb/2022:16:43:20 +0000] "GET /favicon.ico HTTP/1.1" 404 150 "http://localhost:8000/api/v1/categories/" "Mozilla/5.0 (Windows NT 10.0; Win64; x64) AppleWebKit/537.36 (KHTML, like Gecko) Chrome/98.0.4758.82 Safari/537.36"
::1 - - [13/Feb/2022:16:43:20 +0000] "GET /images/icons/gear.png HTTP/1.1" 404 160 "http://localhost:8000/api/v1/categories/" "Mozilla/5.0 (Windows NT 10.0; Win64; x64) AppleWebKit/537.36 (KHTML, like Gecko) Chrome/98.0.4758.82 Safari/537.36"
::1 - - [13/Feb/2022:16:44:29 +0000] "GET /api/v1/categories HTTP/1.1" 200 65 "-" "PostmanRuntime/7.29.0"
::1 - - [13/Feb/2022:16:44:57 +0000] "POST /api/v1/categories HTTP/1.1" 200 47 "-" "PostmanRuntime/7.29.0"
::1 - - [13/Feb/2022:16:51:48 +0000] "POST /api/v1/categories HTTP/1.1" 400 27 "-" "PostmanRuntime/7.29.0"
::1 - - [13/Feb/2022:16:53:31 +0000] "POST /api/v1/categories HTTP/1.1" 400 27 "-" "PostmanRuntime/7.29.0"
::1 - - [13/Feb/2022:16:54:22 +0000] "POST /api/v1/categories HTTP/1.1" 400 426 "-" "PostmanRuntime/7.29.0"
::1 - - [13/Feb/2022:16:54:43 +0000] "POST /api/v1/categories HTTP/1.1" 400 105 "-" "PostmanRuntime/7.29.0"
::1 - - [13/Feb/2022:16:54:59 +0000] "POST /api/v1/categories HTTP/1.1" 400 426 "-" "PostmanRuntime/7.29.0"
::1 - - [13/Feb/2022:16:55:22 +0000] "POST /api/v1/categories HTTP/1.1" 400 64 "-" "PostmanRuntime/7.29.0"
::1 - - [13/Feb/2022:16:56:15 +0000] "POST /api/v1/categories HTTP/1.1" 200 167 "-" "PostmanRuntime/7.29.0"
::1 - - [13/Feb/2022:17:05:09 +0000] "POST /api/v1/categories HTTP/1.1" 200 166 "-" "PostmanRuntime/7.29.0"
::1 - - [13/Feb/2022:17:05:17 +0000] "POST /api/v1/categories HTTP/1.1" 400 100 "-" "PostmanRuntime/7.29.0"
::1 - - [13/Feb/2022:18:22:51 +0000] "GET /api/v1/categories HTTP/1.1" 200 50 "-" "PostmanRuntime/7.29.0"
::1 - - [13/Feb/2022:18:23:57 +0000] "GET /api/v1/categories HTTP/1.1" 200 312 "-" "PostmanRuntime/7.29.0"
::1 - - [13/Feb/2022:18:27:44 +0000] "GET /api/v1/categories/1 HTTP/1.1" 400 28 "-" "PostmanRuntime/7.29.0"
::1 - - [13/Feb/2022:18:28:05 +0000] "GET /api/v1/categories/6209382fc22e136c413b79a0 HTTP/1.1" 400 28 "-" "PostmanRuntime/7.29.0"
::1 - - [13/Feb/2022:18:28:13 +0000] "GET /api/v1/categories/6209382fc22e136c413b79a0 HTTP/1.1" 400 28 "-" "PostmanRuntime/7.29.0"
::1 - - [13/Feb/2022:18:28:28 +0000] "GET /api/v1/categories/6209382fc22e136c413b79a0 HTTP/1.1" 200 167 "-" "PostmanRuntime/7.29.0"
::1 - - [13/Feb/2022:18:29:41 +0000] "GET /api/v1/categories/6209382fc22e136c413b79a1 HTTP/1.1" 200 28 "-" "PostmanRuntime/7.29.0"
::1 - - [13/Feb/2022:18:30:36 +0000] "GET /api/v1/categories/6209382fc22e136c413b79a1 HTTP/1.1" 400 28 "-" "PostmanRuntime/7.29.0"
::1 - - [13/Feb/2022:18:30:43 +0000] "GET /api/v1/categories/6209382fc22e136c413b79a0 HTTP/1.1" 200 167 "-" "PostmanRuntime/7.29.0"
::1 - - [13/Feb/2022:18:43:41 +0000] "GET /api/v1/categories/62093a447a3b93918964d0ac HTTP/1.1" 200 166 "-" "PostmanRuntime/7.29.0"
::1 - - [13/Feb/2022:18:44:02 +0000] "DELETE /api/v1/categories/62093a447a3b93918964d0ac HTTP/1.1" 200 166 "-" "PostmanRuntime/7.29.0"
::1 - - [13/Feb/2022:18:44:09 +0000] "GET /api/v1/categories/ HTTP/1.1" 200 169 "-" "PostmanRuntime/7.29.0"
::1 - - [13/Feb/2022:18:57:54 +0000] "PUT /api/v1/categories/1 HTTP/1.1" 200 52 "-" "PostmanRuntime/7.29.0"
::1 - - [13/Feb/2022:18:59:50 +0000] "PUT /api/v1/categories/6209382fc22e136c413b79a0 HTTP/1.1" 200 192 "-" "PostmanRuntime/7.29.0"
::1 - - [13/Feb/2022:19:01:01 +0000] "PUT /api/v1/categories/6209382fc22e136c413b79a0 HTTP/1.1" 200 37 "-" "PostmanRuntime/7.29.0"
::1 - - [13/Feb/2022:19:02:59 +0000] "PUT /api/v1/categories/6209382fc22e136c413b79a0 HTTP/1.1" 200 167 "-" "PostmanRuntime/7.29.0"
::1 - - [13/Feb/2022:19:04:24 +0000] "PUT /api/v1/categories/6209382fc22e136c413b79a0 HTTP/1.1" 200 167 "-" "PostmanRuntime/7.29.0"
::1 - - [13/Feb/2022:19:04:31 +0000] "GET /api/v1/categories/ HTTP/1.1" 200 168 "-" "PostmanRuntime/7.29.0"
::1 - - [13/Feb/2022:19:04:46 +0000] "PUT /api/v1/categories/6209382fc22e136c413b79a0 HTTP/1.1" 200 166 "-" "PostmanRuntime/7.29.0"
::1 - - [13/Feb/2022:19:05:01 +0000] "GET /api/v1/categories/ HTTP/1.1" 200 171 "-" "PostmanRuntime/7.29.0"
::1 - - [13/Feb/2022:19:10:55 +0000] "POST /api/v1/categories HTTP/1.1" 200 166 "-" "PostmanRuntime/7.29.0"
::1 - - [13/Feb/2022:19:11:01 +0000] "GET /api/v1/categories/ HTTP/1.1" 200 314 "-" "PostmanRuntime/7.29.0"
::1 - - [13/Feb/2022:19:11:20 +0000] "PUT /api/v1/categories/6209382fc22e136c413b79a0 HTTP/1.1" 400 350 "-" "PostmanRuntime/7.29.0"
::1 - - [13/Feb/2022:19:11:34 +0000] "PUT /api/v1/categories/6209382fc22e136c413b79a0 HTTP/1.1" 200 168 "-" "PostmanRuntime/7.29.0"
::1 - - [13/Feb/2022:19:18:15 +0000] "PUT /api/v1/categories/6209382fc22e136c413b79a0 HTTP/1.1" 200 206 "-" "PostmanRuntime/7.29.0"
::1 - - [13/Feb/2022:19:18:29 +0000] "GET /api/v1/categories/ HTTP/1.1" 200 351 "-" "PostmanRuntime/7.29.0"
::1 - - [13/Feb/2022:19:19:55 +0000] "PUT /api/v1/categories/620957bfc37cdc33cb9fd050 HTTP/1.1" 200 190 "-" "PostmanRuntime/7.29.0"
::1 - - [13/Feb/2022:19:19:59 +0000] "GET /api/v1/categories/ HTTP/1.1" 200 375 "-" "PostmanRuntime/7.29.0"
::1 - - [13/Feb/2022:19:20:14 +0000] "GET /api/v1/categories/ HTTP/1.1" 200 375 "-" "Mozilla/5.0 (Windows NT 10.0; Win64; x64) AppleWebKit/537.36 (KHTML, like Gecko) Chrome/98.0.4758.82 Safari/537.36"
::1 - - [13/Feb/2022:19:20:14 +0000] "GET /favicon.ico HTTP/1.1" 404 150 "http://localhost:8000/api/v1/categories/" "Mozilla/5.0 (Windows NT 10.0; Win64; x64) AppleWebKit/537.36 (KHTML, like Gecko) Chrome/98.0.4758.82 Safari/537.36"
::1 - - [13/Feb/2022:19:20:15 +0000] "GET /images/icons/gear.png HTTP/1.1" 404 160 "http://localhost:8000/api/v1/categories/" "Mozilla/5.0 (Windows NT 10.0; Win64; x64) AppleWebKit/537.36 (KHTML, like Gecko) Chrome/98.0.4758.82 Safari/537.36"
::1 - - [13/Feb/2022:19:20:15 +0000] "GET /images/icons/gear.png HTTP/1.1" 404 160 "http://localhost:8000/api/v1/categories/" "Mozilla/5.0 (Windows NT 10.0; Win64; x64) AppleWebKit/537.36 (KHTML, like Gecko) Chrome/98.0.4758.82 Safari/537.36"
::1 - - [14/Feb/2022:03:57:34 +0000] "GET /api/v1/categories/ HTTP/1.1" 304 - "-" "Mozilla/5.0 (Windows NT 10.0; Win64; x64) AppleWebKit/537.36 (KHTML, like Gecko) Chrome/98.0.4758.82 Safari/537.36"
::1 - - [14/Feb/2022:03:57:34 +0000] "GET /favicon.ico HTTP/1.1" 404 150 "http://localhost:8000/api/v1/categories/" "Mozilla/5.0 (Windows NT 10.0; Win64; x64) AppleWebKit/537.36 (KHTML, like Gecko) Chrome/98.0.4758.82 Safari/537.36"
::1 - - [14/Feb/2022:03:57:34 +0000] "GET /images/icons/gear.png HTTP/1.1" 404 160 "http://localhost:8000/api/v1/categories/" "Mozilla/5.0 (Windows NT 10.0; Win64; x64) AppleWebKit/537.36 (KHTML, like Gecko) Chrome/98.0.4758.82 Safari/537.36"
::1 - - [14/Feb/2022:03:57:34 +0000] "GET /images/icons/gear.png HTTP/1.1" 404 160 "http://localhost:8000/api/v1/categories/" "Mozilla/5.0 (Windows NT 10.0; Win64; x64) AppleWebKit/537.36 (KHTML, like Gecko) Chrome/98.0.4758.82 Safari/537.36"
::1 - - [14/Feb/2022:05:47:47 +0000] "GET /api/v1/categories/6209382fc22e136c413b79a1 HTTP/1.1" 400 38 "-" "PostmanRuntime/7.29.0"
::1 - - [14/Feb/2022:05:49:01 +0000] "GET /api/v1/categories/6209382fc22e136c413b79a0 HTTP/1.1" 200 206 "-" "PostmanRuntime/7.29.0"
::1 - - [14/Feb/2022:05:49:07 +0000] "GET /api/v1/categories/6209382fc22e136c413b79a0123 HTTP/1.1" 500 146 "-" "PostmanRuntime/7.29.0"
::1 - - [14/Feb/2022:05:49:43 +0000] "GET /api/v1/categories/6209382fc22e136c413b79a0123 HTTP/1.1" 500 146 "-" "PostmanRuntime/7.29.0"
::1 - - [14/Feb/2022:06:02:30 +0000] "GET /api/v1/categories/6209382fc22e136c413b79a0123 HTTP/1.1" 500 146 "-" "PostmanRuntime/7.29.0"
::1 - - [14/Feb/2022:06:03:04 +0000] "GET /api/v1/categories/6209382fc22e136c413b79a0123 HTTP/1.1" 500 146 "-" "PostmanRuntime/7.29.0"
::1 - - [14/Feb/2022:06:03:19 +0000] "GET /api/v1/categories/6209382fc22e136c413b79a1 HTTP/1.1" 500 86 "-" "PostmanRuntime/7.29.0"
::1 - - [14/Feb/2022:06:16:28 +0000] "GET /api/v1/categories/6209382fc22e136c413b79a0 HTTP/1.1" 200 206 "-" "PostmanRuntime/7.29.0"
::1 - - [14/Feb/2022:06:16:36 +0000] "GET /api/v1/categories/6209382fc22e136c413b79a1 HTTP/1.1" 500 86 "-" "PostmanRuntime/7.29.0"
::1 - - [14/Feb/2022:06:18:36 +0000] "GET /api/v1/categories/6209382fc22e136c413b79a1 HTTP/1.1" 500 86 "-" "PostmanRuntime/7.29.0"
::1 - - [14/Feb/2022:06:20:09 +0000] "GET /api/v1/categories/6209382fc22e136c413b79a1 HTTP/1.1" 500 86 "-" "PostmanRuntime/7.29.0"
::1 - - [14/Feb/2022:06:20:50 +0000] "GET /api/v1/categories/ HTTP/1.1" 200 375 "-" "PostmanRuntime/7.29.0"
::1 - - [14/Feb/2022:06:20:58 +0000] "GET /api/v1/categories/6209382fc22e136c413b79a1 HTTP/1.1" 500 86 "-" "PostmanRuntime/7.29.0"
::1 - - [14/Feb/2022:06:21:49 +0000] "GET /api/v1/categories/6209382fc22e136c413b79a1 HTTP/1.1" 401 86 "-" "PostmanRuntime/7.29.0"
::1 - - [14/Feb/2022:06:22:09 +0000] "GET /api/v1/categories/6209382fc22e136c413b79a1 HTTP/1.1" 400 86 "-" "PostmanRuntime/7.29.0"
::1 - - [14/Feb/2022:06:26:48 +0000] "GET /api/v1/categories/6209382fc22e136c413b79a1 HTTP/1.1" 400 86 "-" "PostmanRuntime/7.29.0"
::1 - - [14/Feb/2022:06:27:01 +0000] "GET /api/v1/categories/6209382fc22e136c413b79a1 HTTP/1.1" 402 86 "-" "PostmanRuntime/7.29.0"
::1 - - [14/Feb/2022:08:52:47 +0000] "GET /api/v1/categories/ HTTP/1.1" 200 375 "-" "PostmanRuntime/7.29.0"
::1 - - [14/Feb/2022:08:53:04 +0000] "POST /api/v1/categories HTTP/1.1" 500 132 "-" "PostmanRuntime/7.29.0"
::1 - - [14/Feb/2022:08:54:40 +0000] "POST /api/v1/categories HTTP/1.1" 500 173 "-" "PostmanRuntime/7.29.0"
::1 - - [14/Feb/2022:08:55:10 +0000] "POST /api/v1/categories HTTP/1.1" 400 173 "-" "PostmanRuntime/7.29.0"
::1 - - [15/Feb/2022:06:30:09 +0000] "GET / HTTP/1.1" 404 139 "-" "Mozilla/5.0 (Windows NT 10.0; Win64; x64) AppleWebKit/537.36 (KHTML, like Gecko) Chrome/98.0.4758.82 Safari/537.36"
::1 - - [15/Feb/2022:06:30:12 +0000] "GET /api/v1/categories/ HTTP/1.1" 304 - "-" "Mozilla/5.0 (Windows NT 10.0; Win64; x64) AppleWebKit/537.36 (KHTML, like Gecko) Chrome/98.0.4758.82 Safari/537.36"
::1 - - [15/Feb/2022:06:30:12 +0000] "GET /favicon.ico HTTP/1.1" 404 150 "http://localhost:8000/api/v1/categories/" "Mozilla/5.0 (Windows NT 10.0; Win64; x64) AppleWebKit/537.36 (KHTML, like Gecko) Chrome/98.0.4758.82 Safari/537.36"
::1 - - [15/Feb/2022:06:30:13 +0000] "GET /images/icons/gear.png HTTP/1.1" 404 160 "http://localhost:8000/api/v1/categories/" "Mozilla/5.0 (Windows NT 10.0; Win64; x64) AppleWebKit/537.36 (KHTML, like Gecko) Chrome/98.0.4758.82 Safari/537.36"
::1 - - [15/Feb/2022:06:58:50 +0000] "GET /api/v1/categories/ HTTP/1.1" 200 375 "-" "PostmanRuntime/7.29.0"
::1 - - [15/Feb/2022:06:59:44 +0000] "GET /api/v1/categories/ HTTP/1.1" 200 26 "-" "PostmanRuntime/7.29.0"
::1 - - [15/Feb/2022:06:59:51 +0000] "GET /api/v1/categories/ HTTP/1.1" 200 26 "-" "PostmanRuntime/7.29.0"
::1 - - [15/Feb/2022:07:01:26 +0000] "GET /api/v1/categories/ HTTP/1.1" 200 375 "-" "Mozilla/5.0 (Windows NT 10.0; Win64; x64) AppleWebKit/537.36 (KHTML, like Gecko) Chrome/98.0.4758.82 Safari/537.36"
::1 - - [15/Feb/2022:07:01:26 +0000] "GET /images/icons/gear.png HTTP/1.1" 404 160 "http://localhost:8000/api/v1/categories/" "Mozilla/5.0 (Windows NT 10.0; Win64; x64) AppleWebKit/537.36 (KHTML, like Gecko) Chrome/98.0.4758.82 Safari/537.36"
::1 - - [15/Feb/2022:07:02:32 +0000] "GET /api/v1/categories/ HTTP/1.1" 200 375 "-" "PostmanRuntime/7.29.0"
::1 - - [15/Feb/2022:07:02:46 +0000] "DELETE /api/v1/categories/620957bfc37cdc33cb9fd050 HTTP/1.1" 200 190 "-" "PostmanRuntime/7.29.0"
::1 - - [15/Feb/2022:07:02:51 +0000] "GET /api/v1/categories/ HTTP/1.1" 200 208 "-" "PostmanRuntime/7.29.0"
::1 - - [15/Feb/2022:07:04:30 +0000] "GET /api/v1/categories/ HTTP/1.1" 200 375 "-" "PostmanRuntime/7.29.0"
::1 - - [15/Feb/2022:07:04:39 +0000] "DELETE /api/v1/categories/620957bfc37cdc33cb9fd050 HTTP/1.1" 200 190 "-" "PostmanRuntime/7.29.0"
::1 - - [15/Feb/2022:07:06:34 +0000] "GET /api/v1/categories/ HTTP/1.1" 200 375 "-" "PostmanRuntime/7.29.0"
::1 - - [15/Feb/2022:07:07:13 +0000] "GET /api/v1/categories/ HTTP/1.1" 200 375 "-" "PostmanRuntime/7.29.0"
::1 - - [15/Feb/2022:07:17:38 +0000] "POST /api/v1/categories HTTP/1.1" 200 161 "-" "PostmanRuntime/7.29.0"
::1 - - [15/Feb/2022:07:26:21 +0000] "POST /api/v1/categories HTTP/1.1" 200 160 "-" "PostmanRuntime/7.29.0"
::1 - - [15/Feb/2022:07:27:59 +0000] "POST /api/v1/categories HTTP/1.1" 200 161 "-" "PostmanRuntime/7.29.0"
::1 - - [15/Feb/2022:07:28:28 +0000] "GET /api/v1/categories/ HTTP/1.1" 200 513 "-" "PostmanRuntime/7.29.0"
::1 - - [15/Feb/2022:07:28:51 +0000] "GET /api/v1/categories/ HTTP/1.1" 200 513 "-" "PostmanRuntime/7.29.0"
::1 - - [15/Feb/2022:07:30:33 +0000] "POST /api/v1/categories HTTP/1.1" 200 160 "-" "PostmanRuntime/7.29.0"
::1 - - [15/Feb/2022:07:30:50 +0000] "GET /api/v1/categories/ HTTP/1.1" 200 650 "-" "PostmanRuntime/7.29.0"
::ffff:127.0.0.1 - - [17/Feb/2022:06:36:43 +0000] "GET /api/v1/categories/ HTTP/1.1" 200 650 "-" "Mozilla/5.0 (Windows NT 10.0; Win64; x64) AppleWebKit/537.36 (KHTML, like Gecko) Chrome/98.0.4758.82 Safari/537.36"
::ffff:127.0.0.1 - - [17/Feb/2022:06:36:43 +0000] "GET /favicon.ico HTTP/1.1" 404 150 "http://localhost:8000/api/v1/categories/" "Mozilla/5.0 (Windows NT 10.0; Win64; x64) AppleWebKit/537.36 (KHTML, like Gecko) Chrome/98.0.4758.82 Safari/537.36"
::ffff:127.0.0.1 - - [17/Feb/2022:06:36:43 +0000] "GET /images/icons/gear.png HTTP/1.1" 404 160 "http://localhost:8000/api/v1/categories/" "Mozilla/5.0 (Windows NT 10.0; Win64; x64) AppleWebKit/537.36 (KHTML, like Gecko) Chrome/98.0.4758.82 Safari/537.36"
::ffff:127.0.0.1 - - [17/Feb/2022:06:36:43 +0000] "GET /images/icons/gear.png HTTP/1.1" 404 160 "http://localhost:8000/api/v1/categories/" "Mozilla/5.0 (Windows NT 10.0; Win64; x64) AppleWebKit/537.36 (KHTML, like Gecko) Chrome/98.0.4758.82 Safari/537.36"
::1 - - [17/Feb/2022:14:27:07 +0000] "GET /api/v1/categories/ HTTP/1.1" 304 - "-" "Mozilla/5.0 (Windows NT 10.0; Win64; x64) AppleWebKit/537.36 (KHTML, like Gecko) Chrome/98.0.4758.82 Safari/537.36"
::1 - - [17/Feb/2022:14:27:07 +0000] "GET /images/icons/gear.png HTTP/1.1" 404 160 "http://localhost:8000/api/v1/categories/" "Mozilla/5.0 (Windows NT 10.0; Win64; x64) AppleWebKit/537.36 (KHTML, like Gecko) Chrome/98.0.4758.82 Safari/537.36"
::1 - - [17/Feb/2022:14:29:23 +0000] "PUT /api/v1/categories/620957bfc37cdc33cb9fd050 HTTP/1.1" 200 190 "-" "PostmanRuntime/7.29.0"
::1 - - [17/Feb/2022:14:29:36 +0000] "PUT /api/v1/categories/620957bfc37cdc33cb9fd050 HTTP/1.1" 200 190 "-" "PostmanRuntime/7.29.0"
::1 - - [17/Feb/2022:14:29:47 +0000] "POST /api/v1/categories HTTP/1.1" 500 320 "-" "PostmanRuntime/7.29.0"
::1 - - [17/Feb/2022:14:32:16 +0000] "POST /api/v1/categories HTTP/1.1" 200 177 "-" "PostmanRuntime/7.29.0"
::1 - - [17/Feb/2022:14:33:50 +0000] "POST /api/v1/categories HTTP/1.1" 200 177 "-" "PostmanRuntime/7.29.0"
::1 - - [17/Feb/2022:14:36:34 +0000] "POST /api/v1/categories HTTP/1.1" 200 164 "-" "PostmanRuntime/7.29.0"
::1 - - [17/Feb/2022:14:37:03 +0000] "POST /api/v1/categories HTTP/1.1" 200 162 "-" "PostmanRuntime/7.29.0"
::1 - - [17/Feb/2022:14:40:17 +0000] "POST /api/v1/categories HTTP/1.1" 200 160 "-" "PostmanRuntime/7.29.0"
::1 - - [17/Feb/2022:14:40:36 +0000] "GET /api/v1/categories/ HTTP/1.1" 200 946 "-" "PostmanRuntime/7.29.0"
::1 - - [17/Feb/2022:14:41:35 +0000] "POST /api/v1/categories HTTP/1.1" 200 158 "-" "PostmanRuntime/7.29.0"
::1 - - [17/Feb/2022:14:41:43 +0000] "GET /api/v1/categories/ HTTP/1.1" 200 1081 "-" "PostmanRuntime/7.29.0"
::1 - - [17/Feb/2022:14:43:46 +0000] "POST /api/v1/categories HTTP/1.1" 200 198 "-" "PostmanRuntime/7.29.0"
::1 - - [17/Feb/2022:14:43:59 +0000] "GET /api/v1/categories/ HTTP/1.1" 200 550 "-" "PostmanRuntime/7.29.0"
::1 - - [17/Feb/2022:14:46:32 +0000] "POST /api/v1/categories HTTP/1.1" 200 195 "-" "PostmanRuntime/7.29.0"
::1 - - [17/Feb/2022:14:47:53 +0000] "GET /api/v1/categories/ HTTP/1.1" 200 425 "-" "PostmanRuntime/7.29.0"
::1 - - [17/Feb/2022:14:48:23 +0000] "POST /api/v1/categories HTTP/1.1" 200 198 "-" "PostmanRuntime/7.29.0"
::1 - - [17/Feb/2022:14:49:51 +0000] "GET /api/v1/categories/ HTTP/1.1" 200 600 "-" "PostmanRuntime/7.29.0"
::1 - - [17/Feb/2022:15:20:38 +0000] "GET /api/v1/categories/ HTTP/1.1" 200 504 "-" "PostmanRuntime/7.29.0"
::1 - - [17/Feb/2022:15:22:18 +0000] "POST /api/v1/categories HTTP/1.1" 200 270 "-" "PostmanRuntime/7.29.0"
::1 - - [17/Feb/2022:15:23:19 +0000] "GET /api/v1/categories/ HTTP/1.1" 200 751 "-" "PostmanRuntime/7.29.0"
::1 - - [17/Feb/2022:15:23:49 +0000] "GET /api/v1/categories/ HTTP/1.1" 200 751 "-" "PostmanRuntime/7.29.0"
::1 - - [17/Feb/2022:15:25:08 +0000] "GET /api/v1/categories/ HTTP/1.1" 200 750 "-" "PostmanRuntime/7.29.0"
::1 - - [17/Feb/2022:15:29:54 +0000] "GET /api/v1/categories?name=Sda&averagePrice=54000 HTTP/1.1" 200 750 "-" "PostmanRuntime/7.29.0"
::1 - - [17/Feb/2022:15:32:53 +0000] "GET /api/v1/categories?name=Literature HTTP/1.1" 200 251 "-" "PostmanRuntime/7.29.0"
::1 - - [17/Feb/2022:15:36:49 +0000] "GET /api/v1/categories?averagePrice[$gte]=10000 HTTP/1.1" 200 750 "-" "PostmanRuntime/7.29.0"
::1 - - [17/Feb/2022:15:37:06 +0000] "GET /api/v1/categories?averagePrice[$gte]=60000 HTTP/1.1" 200 503 "-" "PostmanRuntime/7.29.0"
