::1 - - [20/Feb/2022:16:20:45 +0000] "GET /api/v1/categories/ HTTP/1.1" 200 750 "-" "Mozilla/5.0 (Windows NT 10.0; Win64; x64) AppleWebKit/537.36 (KHTML, like Gecko) Chrome/98.0.4758.102 Safari/537.36"
::1 - - [20/Feb/2022:16:20:45 +0000] "GET /favicon.ico HTTP/1.1" 404 150 "http://localhost:8000/api/v1/categories/" "Mozilla/5.0 (Windows NT 10.0; Win64; x64) AppleWebKit/537.36 (KHTML, like Gecko) Chrome/98.0.4758.102 Safari/537.36"
::1 - - [20/Feb/2022:16:20:45 +0000] "GET /images/icons/gear.png HTTP/1.1" 404 160 "http://localhost:8000/api/v1/categories/" "Mozilla/5.0 (Windows NT 10.0; Win64; x64) AppleWebKit/537.36 (KHTML, like Gecko) Chrome/98.0.4758.102 Safari/537.36"
::1 - - [20/Feb/2022:16:26:16 +0000] "GET /api/v1/categories?select HTTP/1.1" 200 750 "-" "PostmanRuntime/7.29.0"
::1 - - [20/Feb/2022:16:28:11 +0000] "POST /api/v1/categories HTTP/1.1" 200 220 "-" "PostmanRuntime/7.29.0"
::1 - - [20/Feb/2022:16:28:29 +0000] "POST /api/v1/categories HTTP/1.1" 200 225 "-" "PostmanRuntime/7.29.0"
::1 - - [20/Feb/2022:16:28:36 +0000] "GET /api/v1/categories?select HTTP/1.1" 200 1149 "-" "PostmanRuntime/7.29.0"
::1 - - [06/Mar/2022:04:01:49 +0000] "GET /api/v1/categories?select HTTP/1.1" 200 749 "-" "PostmanRuntime/7.29.0"
::1 - - [06/Mar/2022:04:02:00 +0000] "GET /api/v1/categories HTTP/1.1" 200 749 "-" "Mozilla/5.0 (Windows NT 10.0; Win64; x64) AppleWebKit/537.36 (KHTML, like Gecko) Chrome/99.0.4844.51 Safari/537.36"
::1 - - [06/Mar/2022:04:02:00 +0000] "GET /favicon.ico HTTP/1.1" 404 150 "http://localhost:8000/api/v1/categories" "Mozilla/5.0 (Windows NT 10.0; Win64; x64) AppleWebKit/537.36 (KHTML, like Gecko) Chrome/99.0.4844.51 Safari/537.36"
::1 - - [06/Mar/2022:04:02:01 +0000] "GET /images/icons/gear.png HTTP/1.1" 404 160 "http://localhost:8000/api/v1/categories" "Mozilla/5.0 (Windows NT 10.0; Win64; x64) AppleWebKit/537.36 (KHTML, like Gecko) Chrome/99.0.4844.51 Safari/537.36"
::1 - - [06/Mar/2022:05:13:40 +0000] "GET /api/v1/categories?select=name%20slug HTTP/1.1" 200 749 "-" "PostmanRuntime/7.29.0"
::1 - - [11/Mar/2022:13:57:56 +0000] "GET /api/v1/categories HTTP/1.1" 200 749 "-" "Mozilla/5.0 (Windows NT 10.0; Win64; x64) AppleWebKit/537.36 (KHTML, like Gecko) Chrome/99.0.4844.51 Safari/537.36"
::1 - - [11/Mar/2022:13:57:56 +0000] "GET /images/icons/gear.png HTTP/1.1" 404 160 "http://localhost:8000/api/v1/categories" "Mozilla/5.0 (Windows NT 10.0; Win64; x64) AppleWebKit/537.36 (KHTML, like Gecko) Chrome/99.0.4844.51 Safari/537.36"
::1 - - [11/Mar/2022:13:57:56 +0000] "GET /favicon.ico HTTP/1.1" 404 150 "http://localhost:8000/api/v1/categories" "Mozilla/5.0 (Windows NT 10.0; Win64; x64) AppleWebKit/537.36 (KHTML, like Gecko) Chrome/99.0.4844.51 Safari/537.36"
::1 - - [11/Mar/2022:13:58:20 +0000] "GET /api/v1/categories?select=name%20slug HTTP/1.1" 200 749 "-" "Mozilla/5.0 (Windows NT 10.0; Win64; x64) AppleWebKit/537.36 (KHTML, like Gecko) Chrome/99.0.4844.51 Safari/537.36"
::1 - - [11/Mar/2022:13:58:20 +0000] "GET /images/icons/gear.png HTTP/1.1" 404 160 "http://localhost:8000/api/v1/categories?select=name%20slug" "Mozilla/5.0 (Windows NT 10.0; Win64; x64) AppleWebKit/537.36 (KHTML, like Gecko) Chrome/99.0.4844.51 Safari/537.36"
::1 - - [11/Mar/2022:13:58:20 +0000] "GET /images/icons/gear.png HTTP/1.1" 404 160 "http://localhost:8000/api/v1/categories?select=name%20slug" "Mozilla/5.0 (Windows NT 10.0; Win64; x64) AppleWebKit/537.36 (KHTML, like Gecko) Chrome/99.0.4844.51 Safari/537.36"
::1 - - [11/Mar/2022:14:13:28 +0000] "GET /api/v1/categories?select=name%20slug HTTP/1.1" 200 290 "-" "Mozilla/5.0 (Windows NT 10.0; Win64; x64) AppleWebKit/537.36 (KHTML, like Gecko) Chrome/99.0.4844.51 Safari/537.36"
::1 - - [11/Mar/2022:14:13:28 +0000] "GET /images/icons/gear.png HTTP/1.1" 404 160 "http://localhost:8000/api/v1/categories?select=name%20slug" "Mozilla/5.0 (Windows NT 10.0; Win64; x64) AppleWebKit/537.36 (KHTML, like Gecko) Chrome/99.0.4844.51 Safari/537.36"
::1 - - [11/Mar/2022:14:13:28 +0000] "GET /images/icons/gear.png HTTP/1.1" 404 160 "http://localhost:8000/api/v1/categories?select=name%20slug" "Mozilla/5.0 (Windows NT 10.0; Win64; x64) AppleWebKit/537.36 (KHTML, like Gecko) Chrome/99.0.4844.51 Safari/537.36"
::1 - - [11/Mar/2022:14:13:33 +0000] "GET /api/v1/categories?select=name HTTP/1.1" 200 215 "-" "Mozilla/5.0 (Windows NT 10.0; Win64; x64) AppleWebKit/537.36 (KHTML, like Gecko) Chrome/99.0.4844.51 Safari/537.36"
::1 - - [11/Mar/2022:14:13:33 +0000] "GET /images/icons/gear.png HTTP/1.1" 404 160 "http://localhost:8000/api/v1/categories?select=name" "Mozilla/5.0 (Windows NT 10.0; Win64; x64) AppleWebKit/537.36 (KHTML, like Gecko) Chrome/99.0.4844.51 Safari/537.36"
::1 - - [11/Mar/2022:14:13:37 +0000] "GET /api/v1/categories?select=name%20slug HTTP/1.1" 304 - "-" "Mozilla/5.0 (Windows NT 10.0; Win64; x64) AppleWebKit/537.36 (KHTML, like Gecko) Chrome/99.0.4844.51 Safari/537.36"
::1 - - [11/Mar/2022:14:13:37 +0000] "GET /images/icons/gear.png HTTP/1.1" 404 160 "http://localhost:8000/api/v1/categories?select=name%20slug" "Mozilla/5.0 (Windows NT 10.0; Win64; x64) AppleWebKit/537.36 (KHTML, like Gecko) Chrome/99.0.4844.51 Safari/537.36"
::1 - - [11/Mar/2022:14:14:18 +0000] "GET /api/v1/categories?select=name%20slug%20averageRating HTTP/1.1" 200 344 "-" "Mozilla/5.0 (Windows NT 10.0; Win64; x64) AppleWebKit/537.36 (KHTML, like Gecko) Chrome/99.0.4844.51 Safari/537.36"
::1 - - [11/Mar/2022:14:14:18 +0000] "GET /images/icons/gear.png HTTP/1.1" 404 160 "http://localhost:8000/api/v1/categories?select=name%20slug%20averageRating" "Mozilla/5.0 (Windows NT 10.0; Win64; x64) AppleWebKit/537.36 (KHTML, like Gecko) Chrome/99.0.4844.51 Safari/537.36"
::1 - - [11/Mar/2022:14:14:18 +0000] "GET /images/icons/gear.png HTTP/1.1" 404 160 "http://localhost:8000/api/v1/categories?select=name%20slug%20averageRating" "Mozilla/5.0 (Windows NT 10.0; Win64; x64) AppleWebKit/537.36 (KHTML, like Gecko) Chrome/99.0.4844.51 Safari/537.36"
::1 - - [11/Mar/2022:14:15:59 +0000] "GET /api/v1/categories?select=name%20slug%20averageRating&averageRating[$gt]=5 HTTP/1.1" 200 138 "-" "Mozilla/5.0 (Windows NT 10.0; Win64; x64) AppleWebKit/537.36 (KHTML, like Gecko) Chrome/99.0.4844.51 Safari/537.36"
::1 - - [11/Mar/2022:14:15:59 +0000] "GET /images/icons/gear.png HTTP/1.1" 404 160 "http://localhost:8000/api/v1/categories?select=name%20slug%20averageRating&averageRating[$gt]=5" "Mozilla/5.0 (Windows NT 10.0; Win64; x64) AppleWebKit/537.36 (KHTML, like Gecko) Chrome/99.0.4844.51 Safari/537.36"
::1 - - [11/Mar/2022:14:15:59 +0000] "GET /images/icons/gear.png HTTP/1.1" 404 160 "http://localhost:8000/api/v1/categories?select=name%20slug%20averageRating&averageRating[$gt]=5" "Mozilla/5.0 (Windows NT 10.0; Win64; x64) AppleWebKit/537.36 (KHTML, like Gecko) Chrome/99.0.4844.51 Safari/537.36"
::1 - - [11/Mar/2022:14:16:08 +0000] "GET /api/v1/categories?select=name%20slug%20averageRating&averageRating[$gt]=3 HTTP/1.1" 200 251 "-" "Mozilla/5.0 (Windows NT 10.0; Win64; x64) AppleWebKit/537.36 (KHTML, like Gecko) Chrome/99.0.4844.51 Safari/537.36"
::1 - - [11/Mar/2022:14:16:08 +0000] "GET /images/icons/gear.png HTTP/1.1" 404 160 "http://localhost:8000/api/v1/categories?select=name%20slug%20averageRating&averageRating[$gt]=3" "Mozilla/5.0 (Windows NT 10.0; Win64; x64) AppleWebKit/537.36 (KHTML, like Gecko) Chrome/99.0.4844.51 Safari/537.36"
::1 - - [11/Mar/2022:14:16:13 +0000] "GET /api/v1/categories?select=name%20slug%20averageRating HTTP/1.1" 304 - "-" "Mozilla/5.0 (Windows NT 10.0; Win64; x64) AppleWebKit/537.36 (KHTML, like Gecko) Chrome/99.0.4844.51 Safari/537.36"
::1 - - [11/Mar/2022:14:16:13 +0000] "GET /images/icons/gear.png HTTP/1.1" 404 160 "http://localhost:8000/api/v1/categories?select=name%20slug%20averageRating" "Mozilla/5.0 (Windows NT 10.0; Win64; x64) AppleWebKit/537.36 (KHTML, like Gecko) Chrome/99.0.4844.51 Safari/537.36"
::1 - - [11/Mar/2022:14:16:21 +0000] "GET /api/v1/categories?select=name%20slug%20averageRating&averageRating[$gt]=1 HTTP/1.1" 200 251 "-" "Mozilla/5.0 (Windows NT 10.0; Win64; x64) AppleWebKit/537.36 (KHTML, like Gecko) Chrome/99.0.4844.51 Safari/537.36"
::1 - - [11/Mar/2022:14:16:21 +0000] "GET /images/icons/gear.png HTTP/1.1" 404 160 "http://localhost:8000/api/v1/categories?select=name%20slug%20averageRating&averageRating[$gt]=1" "Mozilla/5.0 (Windows NT 10.0; Win64; x64) AppleWebKit/537.36 (KHTML, like Gecko) Chrome/99.0.4844.51 Safari/537.36"
::1 - - [11/Mar/2022:14:20:22 +0000] "GET /api/v1/categories?select=name%20slug%20averageRating&averageRating[$gt]=4&sort=name HTTP/1.1" 200 251 "-" "Mozilla/5.0 (Windows NT 10.0; Win64; x64) AppleWebKit/537.36 (KHTML, like Gecko) Chrome/99.0.4844.51 Safari/537.36"
::1 - - [11/Mar/2022:14:20:23 +0000] "GET /images/icons/gear.png HTTP/1.1" 404 160 "http://localhost:8000/api/v1/categories?select=name%20slug%20averageRating&averageRating[$gt]=4&sort=name" "Mozilla/5.0 (Windows NT 10.0; Win64; x64) AppleWebKit/537.36 (KHTML, like Gecko) Chrome/99.0.4844.51 Safari/537.36"
::1 - - [11/Mar/2022:14:20:47 +0000] "GET /api/v1/categories?select=name%20slug%20averageRating&averageRating[$gt]=4&sort=-name HTTP/1.1" 200 251 "-" "Mozilla/5.0 (Windows NT 10.0; Win64; x64) AppleWebKit/537.36 (KHTML, like Gecko) Chrome/99.0.4844.51 Safari/537.36"
::1 - - [11/Mar/2022:14:20:47 +0000] "GET /images/icons/gear.png HTTP/1.1" 404 160 "http://localhost:8000/api/v1/categories?select=name%20slug%20averageRating&averageRating[$gt]=4&sort=-name" "Mozilla/5.0 (Windows NT 10.0; Win64; x64) AppleWebKit/537.36 (KHTML, like Gecko) Chrome/99.0.4844.51 Safari/537.36"
::1 - - [11/Mar/2022:14:20:47 +0000] "GET /images/icons/gear.png HTTP/1.1" 404 160 "http://localhost:8000/api/v1/categories?select=name%20slug%20averageRating&averageRating[$gt]=4&sort=-name" "Mozilla/5.0 (Windows NT 10.0; Win64; x64) AppleWebKit/537.36 (KHTML, like Gecko) Chrome/99.0.4844.51 Safari/537.36"
::1 - - [11/Mar/2022:14:20:52 +0000] "GET /api/v1/categories?select=name%20slug%20averageRating&averageRating[$gt]=4&sort=name HTTP/1.1" 304 - "-" "Mozilla/5.0 (Windows NT 10.0; Win64; x64) AppleWebKit/537.36 (KHTML, like Gecko) Chrome/99.0.4844.51 Safari/537.36"
::1 - - [11/Mar/2022:14:20:52 +0000] "GET /images/icons/gear.png HTTP/1.1" 404 160 "http://localhost:8000/api/v1/categories?select=name%20slug%20averageRating&averageRating[$gt]=4&sort=name" "Mozilla/5.0 (Windows NT 10.0; Win64; x64) AppleWebKit/537.36 (KHTML, like Gecko) Chrome/99.0.4844.51 Safari/537.36"
::1 - - [11/Mar/2022:14:25:30 +0000] "GET /api/v1/categories?select=name%20slug%20averageRating&sort=averageRating HTTP/1.1" 200 344 "-" "Mozilla/5.0 (Windows NT 10.0; Win64; x64) AppleWebKit/537.36 (KHTML, like Gecko) Chrome/99.0.4844.51 Safari/537.36"
::1 - - [11/Mar/2022:14:25:30 +0000] "GET /images/icons/gear.png HTTP/1.1" 404 160 "http://localhost:8000/api/v1/categories?select=name%20slug%20averageRating&sort=averageRating" "Mozilla/5.0 (Windows NT 10.0; Win64; x64) AppleWebKit/537.36 (KHTML, like Gecko) Chrome/99.0.4844.51 Safari/537.36"
::1 - - [11/Mar/2022:14:27:31 +0000] "POST /api/v1/categories HTTP/1.1" 500 316 "-" "PostmanRuntime/7.29.0"
::1 - - [11/Mar/2022:14:27:39 +0000] "GET /api/v1/categories HTTP/1.1" 304 - "-" "Mozilla/5.0 (Windows NT 10.0; Win64; x64) AppleWebKit/537.36 (KHTML, like Gecko) Chrome/99.0.4844.51 Safari/537.36"
::1 - - [11/Mar/2022:14:27:39 +0000] "GET /images/icons/gear.png HTTP/1.1" 404 160 "http://localhost:8000/api/v1/categories" "Mozilla/5.0 (Windows NT 10.0; Win64; x64) AppleWebKit/537.36 (KHTML, like Gecko) Chrome/99.0.4844.51 Safari/537.36"
::1 - - [11/Mar/2022:14:27:39 +0000] "GET /images/icons/gear.png HTTP/1.1" 404 160 "http://localhost:8000/api/v1/categories" "Mozilla/5.0 (Windows NT 10.0; Win64; x64) AppleWebKit/537.36 (KHTML, like Gecko) Chrome/99.0.4844.51 Safari/537.36"
::1 - - [11/Mar/2022:15:11:28 +0000] "GET /api/v1/categories?select=name HTTP/1.1" 200 215 "-" "Mozilla/5.0 (Windows NT 10.0; Win64; x64) AppleWebKit/537.36 (KHTML, like Gecko) Chrome/99.0.4844.51 Safari/537.36"
::1 - - [11/Mar/2022:15:11:28 +0000] "GET /images/icons/gear.png HTTP/1.1" 404 160 "http://localhost:8000/api/v1/categories?select=name" "Mozilla/5.0 (Windows NT 10.0; Win64; x64) AppleWebKit/537.36 (KHTML, like Gecko) Chrome/99.0.4844.51 Safari/537.36"
::1 - - [11/Mar/2022:15:11:51 +0000] "GET /api/v1/categories?select=name&page=2&limit=1 HTTP/1.1" 200 90 "-" "Mozilla/5.0 (Windows NT 10.0; Win64; x64) AppleWebKit/537.36 (KHTML, like Gecko) Chrome/99.0.4844.51 Safari/537.36"
::1 - - [11/Mar/2022:15:11:51 +0000] "GET /images/icons/gear.png HTTP/1.1" 404 160 "http://localhost:8000/api/v1/categories?select=name&page=2&limit=1" "Mozilla/5.0 (Windows NT 10.0; Win64; x64) AppleWebKit/537.36 (KHTML, like Gecko) Chrome/99.0.4844.51 Safari/537.36"
::1 - - [11/Mar/2022:15:11:51 +0000] "GET /images/icons/gear.png HTTP/1.1" 404 160 "http://localhost:8000/api/v1/categories?select=name&page=2&limit=1" "Mozilla/5.0 (Windows NT 10.0; Win64; x64) AppleWebKit/537.36 (KHTML, like Gecko) Chrome/99.0.4844.51 Safari/537.36"
::1 - - [11/Mar/2022:15:11:57 +0000] "GET /api/v1/categories?select=name&limit=1 HTTP/1.1" 200 90 "-" "Mozilla/5.0 (Windows NT 10.0; Win64; x64) AppleWebKit/537.36 (KHTML, like Gecko) Chrome/99.0.4844.51 Safari/537.36"
::1 - - [11/Mar/2022:15:11:57 +0000] "GET /images/icons/gear.png HTTP/1.1" 404 160 "http://localhost:8000/api/v1/categories?select=name&limit=1" "Mozilla/5.0 (Windows NT 10.0; Win64; x64) AppleWebKit/537.36 (KHTML, like Gecko) Chrome/99.0.4844.51 Safari/537.36"
::1 - - [11/Mar/2022:15:12:03 +0000] "GET /api/v1/categories?select=name&page=2&limit=1 HTTP/1.1" 304 - "-" "Mozilla/5.0 (Windows NT 10.0; Win64; x64) AppleWebKit/537.36 (KHTML, like Gecko) Chrome/99.0.4844.51 Safari/537.36"
::1 - - [11/Mar/2022:15:12:03 +0000] "GET /images/icons/gear.png HTTP/1.1" 404 160 "http://localhost:8000/api/v1/categories?select=name&page=2&limit=1" "Mozilla/5.0 (Windows NT 10.0; Win64; x64) AppleWebKit/537.36 (KHTML, like Gecko) Chrome/99.0.4844.51 Safari/537.36"
::1 - - [11/Mar/2022:15:12:09 +0000] "GET /api/v1/categories?select=name&page=2&limit=2 HTTP/1.1" 200 160 "-" "Mozilla/5.0 (Windows NT 10.0; Win64; x64) AppleWebKit/537.36 (KHTML, like Gecko) Chrome/99.0.4844.51 Safari/537.36"
::1 - - [11/Mar/2022:15:12:09 +0000] "GET /images/icons/gear.png HTTP/1.1" 404 160 "http://localhost:8000/api/v1/categories?select=name&page=2&limit=2" "Mozilla/5.0 (Windows NT 10.0; Win64; x64) AppleWebKit/537.36 (KHTML, like Gecko) Chrome/99.0.4844.51 Safari/537.36"
::1 - - [22/Mar/2022:12:30:00 +0000] "GET /api/v1/categories?select=name&page=2&limit=2 HTTP/1.1" 200 160 "-" "Mozilla/5.0 (Windows NT 10.0; Win64; x64) AppleWebKit/537.36 (KHTML, like Gecko) Chrome/99.0.4844.51 Safari/537.36"
::1 - - [22/Mar/2022:12:30:00 +0000] "GET /images/icons/gear.png HTTP/1.1" 404 160 "http://localhost:8000/api/v1/categories?select=name&page=2&limit=2" "Mozilla/5.0 (Windows NT 10.0; Win64; x64) AppleWebKit/537.36 (KHTML, like Gecko) Chrome/99.0.4844.51 Safari/537.36"
::1 - - [22/Mar/2022:12:30:01 +0000] "GET /favicon.ico HTTP/1.1" 404 150 "http://localhost:8000/api/v1/categories?select=name&page=2&limit=2" "Mozilla/5.0 (Windows NT 10.0; Win64; x64) AppleWebKit/537.36 (KHTML, like Gecko) Chrome/99.0.4844.51 Safari/537.36"
::1 - - [22/Mar/2022:15:25:41 +0000] "GET /api/v1/categories?select=name&page=20&limit=1 HTTP/1.1" 200 90 "-" "PostmanRuntime/7.29.0"
::1 - - [22/Mar/2022:15:26:36 +0000] "GET /api/v1/categories/ HTTP/1.1" 200 749 "-" "Mozilla/5.0 (Windows NT 10.0; Win64; x64) AppleWebKit/537.36 (KHTML, like Gecko) Chrome/99.0.4844.74 Safari/537.36"
::1 - - [22/Mar/2022:15:26:36 +0000] "GET /images/icons/gear.png HTTP/1.1" 404 160 "http://localhost:8000/api/v1/categories/" "Mozilla/5.0 (Windows NT 10.0; Win64; x64) AppleWebKit/537.36 (KHTML, like Gecko) Chrome/99.0.4844.74 Safari/537.36"
::1 - - [22/Mar/2022:15:26:36 +0000] "GET /images/icons/gear.png HTTP/1.1" 404 160 "http://localhost:8000/api/v1/categories/" "Mozilla/5.0 (Windows NT 10.0; Win64; x64) AppleWebKit/537.36 (KHTML, like Gecko) Chrome/99.0.4844.74 Safari/537.36"
::1 - - [22/Mar/2022:15:26:36 +0000] "GET /favicon.ico HTTP/1.1" 404 150 "http://localhost:8000/api/v1/categories/" "Mozilla/5.0 (Windows NT 10.0; Win64; x64) AppleWebKit/537.36 (KHTML, like Gecko) Chrome/99.0.4844.74 Safari/537.36"
::1 - - [22/Mar/2022:15:26:51 +0000] "GET /api/v1/categories?select=name&page=20&limit=1 HTTP/1.1" 200 90 "-" "Mozilla/5.0 (Windows NT 10.0; Win64; x64) AppleWebKit/537.36 (KHTML, like Gecko) Chrome/99.0.4844.74 Safari/537.36"
::1 - - [22/Mar/2022:15:26:51 +0000] "GET /images/icons/gear.png HTTP/1.1" 404 160 "http://localhost:8000/api/v1/categories?select=name&page=20&limit=1" "Mozilla/5.0 (Windows NT 10.0; Win64; x64) AppleWebKit/537.36 (KHTML, like Gecko) Chrome/99.0.4844.74 Safari/537.36"
::1 - - [22/Mar/2022:15:52:29 +0000] "GET /api/v1/categories?select=name&page=2&limit=1 HTTP/1.1" 500 28 "-" "PostmanRuntime/7.29.0"
::1 - - [22/Mar/2022:15:54:08 +0000] "GET /api/v1/categories?select=name&page=1&limit=1 HTTP/1.1" 500 28 "-" "PostmanRuntime/7.29.0"
::1 - - [22/Mar/2022:15:56:39 +0000] "GET /api/v1/categories?select=name&page=1&limit=1 HTTP/1.1" 500 28 "-" "PostmanRuntime/7.29.0"
::1 - - [22/Mar/2022:15:56:49 +0000] "GET /api/v1/categories?select=name HTTP/1.1" 200 272 "-" "PostmanRuntime/7.29.0"
::1 - - [22/Mar/2022:15:57:12 +0000] "GET /api/v1/categories?select=name&page=2 HTTP/1.1" 500 28 "-" "PostmanRuntime/7.29.0"
::1 - - [22/Mar/2022:15:57:37 +0000] "GET /api/v1/categories?select=name HTTP/1.1" 200 272 "-" "PostmanRuntime/7.29.0"
::1 - - [22/Mar/2022:15:58:26 +0000] "GET /api/v1/categories?select=name HTTP/1.1" 200 272 "-" "PostmanRuntime/7.29.0"
::1 - - [22/Mar/2022:15:59:25 +0000] "GET /api/v1/categories?select=name&page=2 HTTP/1.1" 500 28 "-" "PostmanRuntime/7.29.0"
