::1 - - [13/Feb/2022:04:33:42 +0000] "GET /api/v1/categories HTTP/1.1" 200 65 "-" "PostmanRuntime/7.29.0"
::1 - - [13/Feb/2022:12:51:48 +0000] "GET /favicon.ico HTTP/1.1" 404 150 "http://localhost:8000/api/v1/categories" "Mozilla/5.0 (Windows NT 10.0; Win64; x64) AppleWebKit/537.36 (KHTML, like Gecko) Chrome/98.0.4758.82 Safari/537.36"
::1 - - [13/Feb/2022:12:51:48 +0000] "GET /images/icons/gear.png HTTP/1.1" 404 160 "http://localhost:8000/api/v1/categories" "Mozilla/5.0 (Windows NT 10.0; Win64; x64) AppleWebKit/537.36 (KHTML, like Gecko) Chrome/98.0.4758.82 Safari/537.36"
::1 - - [13/Feb/2022:12:51:49 +0000] "GET /api/v1/categories HTTP/1.1" 200 65 "-" "Mozilla/5.0 (Windows NT 10.0; Win64; x64) AppleWebKit/537.36 (KHTML, like Gecko) Chrome/98.0.4758.82 Safari/537.36"
::1 - - [13/Feb/2022:12:51:49 +0000] "GET /images/icons/gear.png HTTP/1.1" 404 160 "http://localhost:8000/api/v1/categories" "Mozilla/5.0 (Windows NT 10.0; Win64; x64) AppleWebKit/537.36 (KHTML, like Gecko) Chrome/98.0.4758.82 Safari/537.36"
::1 - - [13/Feb/2022:12:51:53 +0000] "GET /api/v1/categories/12 HTTP/1.1" 200 50 "-" "Mozilla/5.0 (Windows NT 10.0; Win64; x64) AppleWebKit/537.36 (KHTML, like Gecko) Chrome/98.0.4758.82 Safari/537.36"
::1 - - [13/Feb/2022:12:51:53 +0000] "GET /images/icons/gear.png HTTP/1.1" 404 160 "http://localhost:8000/api/v1/categories/12" "Mozilla/5.0 (Windows NT 10.0; Win64; x64) AppleWebKit/537.36 (KHTML, like Gecko) Chrome/98.0.4758.82 Safari/537.36"
::1 - - [13/Feb/2022:12:58:48 +0000] "GET /api/v1/categories/12 HTTP/1.1" 304 - "-" "Mozilla/5.0 (Windows NT 10.0; Win64; x64) AppleWebKit/537.36 (KHTML, like Gecko) Chrome/98.0.4758.82 Safari/537.36"
::1 - - [13/Feb/2022:12:58:48 +0000] "GET /images/icons/gear.png HTTP/1.1" 404 160 "http://localhost:8000/api/v1/categories/12" "Mozilla/5.0 (Windows NT 10.0; Win64; x64) AppleWebKit/537.36 (KHTML, like Gecko) Chrome/98.0.4758.82 Safari/537.36"
::1 - - [13/Feb/2022:12:58:51 +0000] "GET /api/v1/categories/ HTTP/1.1" 200 65 "-" "Mozilla/5.0 (Windows NT 10.0; Win64; x64) AppleWebKit/537.36 (KHTML, like Gecko) Chrome/98.0.4758.82 Safari/537.36"
::1 - - [13/Feb/2022:12:58:51 +0000] "GET /images/icons/gear.png HTTP/1.1" 404 160 "http://localhost:8000/api/v1/categories/" "Mozilla/5.0 (Windows NT 10.0; Win64; x64) AppleWebKit/537.36 (KHTML, like Gecko) Chrome/98.0.4758.82 Safari/537.36"
::1 - - [13/Feb/2022:12:59:17 +0000] "GET /api/v1/categories/ HTTP/1.1" 304 - "-" "Mozilla/5.0 (Windows NT 10.0; Win64; x64) AppleWebKit/537.36 (KHTML, like Gecko) Chrome/98.0.4758.82 Safari/537.36"
::1 - - [13/Feb/2022:12:59:17 +0000] "GET /images/icons/gear.png HTTP/1.1" 404 160 "http://localhost:8000/api/v1/categories/" "Mozilla/5.0 (Windows NT 10.0; Win64; x64) AppleWebKit/537.36 (KHTML, like Gecko) Chrome/98.0.4758.82 Safari/537.36"
::1 - - [13/Feb/2022:12:59:20 +0000] "GET /api/v1/categories/12 HTTP/1.1" 304 - "-" "Mozilla/5.0 (Windows NT 10.0; Win64; x64) AppleWebKit/537.36 (KHTML, like Gecko) Chrome/98.0.4758.82 Safari/537.36"
::1 - - [13/Feb/2022:12:59:20 +0000] "GET /images/icons/gear.png HTTP/1.1" 404 160 "http://localhost:8000/api/v1/categories/12" "Mozilla/5.0 (Windows NT 10.0; Win64; x64) AppleWebKit/537.36 (KHTML, like Gecko) Chrome/98.0.4758.82 Safari/537.36"
::1 - - [13/Feb/2022:13:00:31 +0000] "GET /api/v1/categories HTTP/1.1" 200 65 "-" "PostmanRuntime/7.29.0"
::1 - - [13/Feb/2022:13:01:00 +0000] "GET /api/v1/categories HTTP/1.1" 200 65 "-" "PostmanRuntime/7.29.0"
::1 - - [13/Feb/2022:13:06:01 +0000] "GET /api/v1/categories/1 HTTP/1.1" 200 49 "-" "PostmanRuntime/7.29.0"
::1 - - [13/Feb/2022:13:06:36 +0000] "POST /api/v1/categories HTTP/1.1" 200 47 "-" "PostmanRuntime/7.29.0"
::1 - - [13/Feb/2022:13:07:29 +0000] "POST /api/v1/categories/1 HTTP/1.1" 404 159 "-" "PostmanRuntime/7.29.0"
::1 - - [13/Feb/2022:13:07:57 +0000] "PUT /api/v1/categories/1 HTTP/1.1" 200 52 "-" "PostmanRuntime/7.29.0"
