::1 - - [13/Jan/2023:08:01:05 +0000] "GET /api/v1/categories?select=name HTTP/1.1" 200 484 "-" "PostmanRuntime/7.30.0"
::1 - - [13/Jan/2023:08:24:13 +0000] "GET /api/v1/categories/620e682a7608370a877eb65e HTTP/1.1" 200 1845 "-" "PostmanRuntime/7.30.0"
::1 - - [13/Jan/2023:08:29:04 +0000] "GET /api/v1/categories/620e682a7608370a877eb65e HTTP/1.1" 200 1845 "-" "PostmanRuntime/7.30.0"
::1 - - [13/Jan/2023:08:29:29 +0000] "GET /api/v1/categories/620e682a7608370a877eb65e HTTP/1.1" 200 1845 "-" "PostmanRuntime/7.30.0"
::1 - - [14/Jan/2023:12:07:03 +0000] "POST /api/v1/users/login HTTP/1.1" 200 439 "-" "PostmanRuntime/7.30.0"
::1 - - [14/Jan/2023:12:07:22 +0000] "GET /api/v1/books/ HTTP/1.1" 200 5505 "-" "PostmanRuntime/7.30.0"
::1 - - [14/Jan/2023:12:20:22 +0000] "POST /api/v1/comments HTTP/1.1" 403 101 "-" "PostmanRuntime/7.30.0"
::1 - - [14/Jan/2023:12:21:06 +0000] "POST /api/v1/comments HTTP/1.1" 500 1707 "-" "PostmanRuntime/7.30.0"
::1 - - [14/Jan/2023:12:47:56 +0000] "POST /api/v1/comments HTTP/1.1" 200 162 "-" "PostmanRuntime/7.30.0"
::1 - - [14/Jan/2023:12:50:29 +0000] "POST /api/v1/comments HTTP/1.1" 500 1595 "-" "PostmanRuntime/7.30.0"
::1 - - [14/Jan/2023:12:52:42 +0000] "POST /api/v1/comments HTTP/1.1" 200 162 "-" "PostmanRuntime/7.30.0"
::1 - - [14/Jan/2023:12:59:37 +0000] "POST /api/v1/comments HTTP/1.1" 200 169 "-" "PostmanRuntime/7.30.0"
::1 - - [17/Jan/2023:14:51:33 +0000] "POST /api/v1/comments HTTP/1.1" 200 169 "-" "PostmanRuntime/7.30.0"
::1 - - [17/Jan/2023:14:52:02 +0000] "POST /api/v1/users/login HTTP/1.1" 401 88 "-" "PostmanRuntime/7.30.0"
::1 - - [17/Jan/2023:14:52:13 +0000] "POST /api/v1/users/login HTTP/1.1" 401 88 "-" "PostmanRuntime/7.30.0"
::1 - - [17/Jan/2023:14:52:44 +0000] "POST /api/v1/users/login HTTP/1.1" 200 439 "-" "PostmanRuntime/7.30.0"
::1 - - [17/Jan/2023:14:53:31 +0000] "PUT /api/v1/comments/1 HTTP/1.1" 200 169 "-" "PostmanRuntime/7.30.0"
::1 - - [17/Jan/2023:14:53:38 +0000] "PUT /api/v1/comments/2 HTTP/1.1" 200 169 "-" "PostmanRuntime/7.30.0"
::1 - - [17/Jan/2023:14:53:42 +0000] "PUT /api/v1/comments/3 HTTP/1.1" 400 94 "-" "PostmanRuntime/7.30.0"
::1 - - [17/Jan/2023:14:53:52 +0000] "PUT /api/v1/comments/4 HTTP/1.1" 200 169 "-" "PostmanRuntime/7.30.0"
::1 - - [17/Jan/2023:14:54:04 +0000] "PUT /api/v1/comments/1 HTTP/1.1" 200 169 "-" "PostmanRuntime/7.30.0"
::1 - - [17/Jan/2023:14:54:27 +0000] "PUT /api/v1/comments/1 HTTP/1.1" 200 160 "-" "PostmanRuntime/7.30.0"
::1 - - [17/Jan/2023:14:54:34 +0000] "PUT /api/v1/comments/2 HTTP/1.1" 200 162 "-" "PostmanRuntime/7.30.0"
::1 - - [17/Jan/2023:14:54:48 +0000] "PUT /api/v1/comments/5 HTTP/1.1" 200 163 "-" "PostmanRuntime/7.30.0"
::1 - - [17/Jan/2023:14:59:51 +0000] "DELETE /api/v1/comments/5 HTTP/1.1" 200 159 "-" "PostmanRuntime/7.30.0"
