::1 - - [07/Jan/2023:04:15:21 +0000] "GET /api/v1/categories?select=name HTTP/1.1" 200 484 "-" "PostmanRuntime/7.30.0"
::1 - - [07/Jan/2023:04:15:53 +0000] "POST /api/v1/categories HTTP/1.1" 500 80 "-" "PostmanRuntime/7.30.0"
::1 - - [07/Jan/2023:05:50:34 +0000] "POST /api/v1/users/login HTTP/1.1" 200 414 "-" "PostmanRuntime/7.30.0"
::1 - - [07/Jan/2023:05:50:42 +0000] "POST /api/v1/categories HTTP/1.1" 500 80 "-" "PostmanRuntime/7.30.0"
::1 - - [07/Jan/2023:05:53:19 +0000] "POST /api/v1/users/login HTTP/1.1" 200 414 "-" "PostmanRuntime/7.30.0"
::1 - - [07/Jan/2023:05:53:36 +0000] "POST /api/v1/users/login HTTP/1.1" 200 414 "-" "PostmanRuntime/7.30.0"
::1 - - [07/Jan/2023:05:54:08 +0000] "POST /api/v1/users/login HTTP/1.1" 200 414 "-" "PostmanRuntime/7.30.0"
::1 - - [07/Jan/2023:05:54:18 +0000] "POST /api/v1/users/login HTTP/1.1" 200 414 "-" "PostmanRuntime/7.30.0"
::1 - - [07/Jan/2023:05:54:33 +0000] "POST /api/v1/categories HTTP/1.1" 200 253 "-" "PostmanRuntime/7.30.0"
::1 - - [07/Jan/2023:05:54:39 +0000] "GET /api/v1/categories?select=name HTTP/1.1" 200 570 "-" "PostmanRuntime/7.30.0"
::1 - - [07/Jan/2023:05:54:59 +0000] "DELETE /api/v1/categories/63b90919536fb11f5342f3ee HTTP/1.1" 500 94 "-" "PostmanRuntime/7.30.0"
::1 - - [07/Jan/2023:05:56:14 +0000] "DELETE /api/v1/categories/63b90919536fb11f5342f3ee HTTP/1.1" 200 253 "-" "PostmanRuntime/7.30.0"
::1 - - [07/Jan/2023:05:56:17 +0000] "GET /api/v1/categories?select=name HTTP/1.1" 200 484 "-" "PostmanRuntime/7.30.0"
::1 - - [07/Jan/2023:06:00:34 +0000] "POST /api/v1/users HTTP/1.1" 200 420 "-" "PostmanRuntime/7.30.0"
::1 - - [07/Jan/2023:06:01:03 +0000] "PUT /api/v1/books/639d973b44e68e0b67bf9413 HTTP/1.1" 200 428 "-" "PostmanRuntime/7.30.0"
::1 - - [07/Jan/2023:06:05:09 +0000] "DELETE /api/v1/books/639d973b44e68e0b67bf9413 HTTP/1.1" 200 454 "-" "PostmanRuntime/7.30.0"
::1 - - [07/Jan/2023:06:09:03 +0000] "GET /api/v1/books/ HTTP/1.1" 200 5627 "-" "PostmanRuntime/7.30.0"
::1 - - [07/Jan/2023:06:09:14 +0000] "DELETE /api/v1/books/639d973b44e68e0b67bf9411 HTTP/1.1" 200 1498 "-" "PostmanRuntime/7.30.0"
::1 - - [07/Jan/2023:06:28:57 +0000] "POST /api/v1/users/login HTTP/1.1" 200 432 "-" "PostmanRuntime/7.30.0"
::1 - - [07/Jan/2023:06:30:04 +0000] "POST /api/v1/books/ HTTP/1.1" 500 68 "-" "PostmanRuntime/7.30.0"
::1 - - [07/Jan/2023:06:32:12 +0000] "POST /api/v1/books/ HTTP/1.1" 500 68 "-" "PostmanRuntime/7.30.0"
::1 - - [07/Jan/2023:06:32:56 +0000] "POST /api/v1/books/ HTTP/1.1" 500 68 "-" "PostmanRuntime/7.30.0"
::1 - - [07/Jan/2023:06:33:32 +0000] "POST /api/v1/books/ HTTP/1.1" 500 68 "-" "PostmanRuntime/7.30.0"
::1 - - [07/Jan/2023:06:35:05 +0000] "POST /api/v1/books/ HTTP/1.1" 500 68 "-" "PostmanRuntime/7.30.0"
::1 - - [07/Jan/2023:06:37:42 +0000] "POST /api/v1/books/ HTTP/1.1" 403 79 "-" "PostmanRuntime/7.30.0"
::1 - - [07/Jan/2023:06:38:23 +0000] "POST /api/v1/books/ HTTP/1.1" 403 100 "-" "PostmanRuntime/7.30.0"
::1 - - [07/Jan/2023:06:40:46 +0000] "POST /api/v1/users/login HTTP/1.1" 500 97 "-" "PostmanRuntime/7.30.0"
::1 - - [07/Jan/2023:06:41:36 +0000] "POST /api/v1/users/login HTTP/1.1" 401 88 "-" "PostmanRuntime/7.30.0"
::1 - - [07/Jan/2023:06:42:06 +0000] "POST /api/v1/users HTTP/1.1" 200 437 "-" "PostmanRuntime/7.30.0"
::1 - - [07/Jan/2023:06:42:33 +0000] "POST /api/v1/users/login HTTP/1.1" 401 88 "-" "PostmanRuntime/7.30.0"
::1 - - [07/Jan/2023:06:42:39 +0000] "POST /api/v1/users/login HTTP/1.1" 401 88 "-" "PostmanRuntime/7.30.0"
::1 - - [07/Jan/2023:06:42:40 +0000] "POST /api/v1/users/login HTTP/1.1" 401 88 "-" "PostmanRuntime/7.30.0"
::1 - - [07/Jan/2023:06:42:58 +0000] "POST /api/v1/users/login HTTP/1.1" 401 88 "-" "PostmanRuntime/7.30.0"
::1 - - [07/Jan/2023:06:43:03 +0000] "POST /api/v1/users/login HTTP/1.1" 401 88 "-" "PostmanRuntime/7.30.0"
::1 - - [07/Jan/2023:06:43:39 +0000] "POST /api/v1/users HTTP/1.1" 200 436 "-" "PostmanRuntime/7.30.0"
::1 - - [07/Jan/2023:06:43:42 +0000] "POST /api/v1/users/login HTTP/1.1" 200 436 "-" "PostmanRuntime/7.30.0"
::1 - - [07/Jan/2023:06:44:00 +0000] "POST /api/v1/users/login HTTP/1.1" 200 439 "-" "PostmanRuntime/7.30.0"
::1 - - [07/Jan/2023:06:44:24 +0000] "POST /api/v1/books/ HTTP/1.1" 200 1485 "-" "PostmanRuntime/7.30.0"
::1 - - [07/Jan/2023:07:45:36 +0000] "POST /api/v1/users/register HTTP/1.1" 400 181 "-" "PostmanRuntime/7.30.0"
::1 - - [07/Jan/2023:07:45:46 +0000] "POST /api/v1/users/register HTTP/1.1" 200 440 "-" "PostmanRuntime/7.30.0"
::1 - - [07/Jan/2023:07:48:27 +0000] "GET /api/v1/users HTTP/1.1" 200 1076 "-" "PostmanRuntime/7.30.0"
::1 - - [07/Jan/2023:07:49:12 +0000] "GET /api/v1/users/63abb925b167d7b4c4e2d069 HTTP/1.1" 200 171 "-" "PostmanRuntime/7.30.0"
::1 - - [07/Jan/2023:07:50:39 +0000] "PUT /api/v1/users/63abb925b167d7b4c4e2d069 HTTP/1.1" 200 173 "-" "PostmanRuntime/7.30.0"
::1 - - [07/Jan/2023:07:52:37 +0000] "DELETE /api/v1/users/63abb925b167d7b4c4e2d069 HTTP/1.1" 200 173 "-" "PostmanRuntime/7.30.0"
::1 - - [07/Jan/2023:07:52:43 +0000] "GET /api/v1/users/63abb925b167d7b4c4e2d069 HTTP/1.1" 400 111 "-" "PostmanRuntime/7.30.0"
::1 - - [07/Jan/2023:07:54:39 +0000] "POST /api/v1/users HTTP/1.1" 400 183 "-" "PostmanRuntime/7.30.0"
::1 - - [07/Jan/2023:07:54:45 +0000] "POST /api/v1/users HTTP/1.1" 200 242 "-" "PostmanRuntime/7.30.0"
::1 - - [07/Jan/2023:14:55:36 +0000] "GET /api/v1/users HTTP/1.1" 200 1073 "-" "PostmanRuntime/7.30.0"
