::1 - - [28/Dec/2022:15:18:29 +0000] "PUT /api/v1/books/639d973b44e68e0b67bf9413 HTTP/1.1" 200 409 "-" "PostmanRuntime/7.30.0"
::1 - - [28/Dec/2022:15:18:41 +0000] "PUT /api/v1/books/639d973b44e68e0b67bf9413 HTTP/1.1" 500 94 "-" "PostmanRuntime/7.30.0"
::1 - - [28/Dec/2022:15:19:17 +0000] "POST /api/v1/users/login HTTP/1.1" 200 419 "-" "PostmanRuntime/7.30.0"
::1 - - [28/Dec/2022:15:19:55 +0000] "PUT /api/v1/books/639d973b44e68e0b67bf9413 HTTP/1.1" 200 410 "-" "PostmanRuntime/7.30.0"
::1 - - [28/Dec/2022:15:20:05 +0000] "PUT /api/v1/books/639d973b44e68e0b67bf9413 HTTP/1.1" 500 84 "-" "PostmanRuntime/7.30.0"
::1 - - [28/Dec/2022:15:20:22 +0000] "PUT /api/v1/books/639d973b44e68e0b67bf9413 HTTP/1.1" 200 410 "-" "PostmanRuntime/7.30.0"
::1 - - [06/Jan/2023:10:18:43 +0000] "POST /api/v1/users/login HTTP/1.1" 200 419 "-" "PostmanRuntime/7.30.0"
::1 - - [06/Jan/2023:10:19:54 +0000] "POST /api/v1/users HTTP/1.1" 500 328 "-" "PostmanRuntime/7.30.0"
::1 - - [06/Jan/2023:10:20:06 +0000] "POST /api/v1/users HTTP/1.1" 200 414 "-" "PostmanRuntime/7.30.0"
::1 - - [06/Jan/2023:10:20:47 +0000] "POST /api/v1/users/login HTTP/1.1" 200 414 "-" "PostmanRuntime/7.30.0"
::1 - - [06/Jan/2023:10:23:14 +0000] "POST /api/v1/categories HTTP/1.1" 500 80 "-" "PostmanRuntime/7.30.0"
::1 - - [06/Jan/2023:10:23:21 +0000] "POST /api/v1/categories HTTP/1.1" 500 80 "-" "PostmanRuntime/7.30.0"
::1 - - [06/Jan/2023:10:23:32 +0000] "POST /api/v1/categories HTTP/1.1" 500 80 "-" "PostmanRuntime/7.30.0"
::1 - - [06/Jan/2023:10:23:34 +0000] "POST /api/v1/categories HTTP/1.1" 500 80 "-" "PostmanRuntime/7.30.0"
::1 - - [06/Jan/2023:10:23:36 +0000] "POST /api/v1/categories HTTP/1.1" 500 80 "-" "PostmanRuntime/7.30.0"
::1 - - [06/Jan/2023:10:23:39 +0000] "POST /api/v1/categories HTTP/1.1" 500 80 "-" "PostmanRuntime/7.30.0"
::1 - - [06/Jan/2023:10:23:59 +0000] "GET /api/v1/categories/620e682a7608370a877eb65e HTTP/1.1" 200 2700 "-" "PostmanRuntime/7.30.0"
::1 - - [06/Jan/2023:10:24:57 +0000] "POST /api/v1/categories HTTP/1.1" 500 80 "-" "PostmanRuntime/7.30.0"
::1 - - [06/Jan/2023:10:25:33 +0000] "POST /api/v1/categories HTTP/1.1" 500 80 "-" "PostmanRuntime/7.30.0"
::1 - - [06/Jan/2023:10:25:45 +0000] "POST /api/v1/users/login HTTP/1.1" 200 414 "-" "PostmanRuntime/7.30.0"
::1 - - [06/Jan/2023:10:25:52 +0000] "POST /api/v1/categories HTTP/1.1" 500 80 "-" "PostmanRuntime/7.30.0"
::1 - - [06/Jan/2023:10:27:31 +0000] "POST /api/v1/users HTTP/1.1" 400 179 "-" "PostmanRuntime/7.30.0"
::1 - - [06/Jan/2023:10:27:55 +0000] "POST /api/v1/users HTTP/1.1" 200 416 "-" "PostmanRuntime/7.30.0"
::1 - - [06/Jan/2023:10:29:39 +0000] "POST /api/v1/categories HTTP/1.1" 500 80 "-" "PostmanRuntime/7.30.0"
