::1 - - [22/Mar/2022:16:02:40 +0000] "GET /api/v1/categories?select=name&page=2&limit=1 HTTP/1.1" 200 182 "-" "PostmanRuntime/7.29.0"
::1 - - [22/Mar/2022:16:02:49 +0000] "GET /api/v1/categories?select=name&page=3&limit=1 HTTP/1.1" 200 154 "-" "PostmanRuntime/7.29.0"
::1 - - [22/Mar/2022:16:03:21 +0000] "GET /api/v1/categories?select=name&page=2&limit=1 HTTP/1.1" 200 182 "-" "Mozilla/5.0 (Windows NT 10.0; Win64; x64) AppleWebKit/537.36 (KHTML, like Gecko) Chrome/99.0.4844.74 Safari/537.36"
::1 - - [22/Mar/2022:16:03:21 +0000] "GET /images/icons/gear.png HTTP/1.1" 404 160 "http://localhost:8000/api/v1/categories?select=name&page=2&limit=1" "Mozilla/5.0 (Windows NT 10.0; Win64; x64) AppleWebKit/537.36 (KHTML, like Gecko) Chrome/99.0.4844.74 Safari/537.36"
::1 - - [22/Mar/2022:16:03:21 +0000] "GET /images/icons/gear.png HTTP/1.1" 404 160 "http://localhost:8000/api/v1/categories?select=name&page=2&limit=1" "Mozilla/5.0 (Windows NT 10.0; Win64; x64) AppleWebKit/537.36 (KHTML, like Gecko) Chrome/99.0.4844.74 Safari/537.36"
::1 - - [22/Mar/2022:16:03:24 +0000] "GET /api/v1/categories?select=name&page=2&limit=2 HTTP/1.1" 200 154 "-" "Mozilla/5.0 (Windows NT 10.0; Win64; x64) AppleWebKit/537.36 (KHTML, like Gecko) Chrome/99.0.4844.74 Safari/537.36"
::1 - - [22/Mar/2022:16:03:24 +0000] "GET /images/icons/gear.png HTTP/1.1" 404 160 "http://localhost:8000/api/v1/categories?select=name&page=2&limit=2" "Mozilla/5.0 (Windows NT 10.0; Win64; x64) AppleWebKit/537.36 (KHTML, like Gecko) Chrome/99.0.4844.74 Safari/537.36"
::1 - - [22/Mar/2022:16:03:30 +0000] "GET /api/v1/categories?select=name&page=1&limit=2 HTTP/1.1" 200 230 "-" "Mozilla/5.0 (Windows NT 10.0; Win64; x64) AppleWebKit/537.36 (KHTML, like Gecko) Chrome/99.0.4844.74 Safari/537.36"
::1 - - [22/Mar/2022:16:03:30 +0000] "GET /images/icons/gear.png HTTP/1.1" 404 160 "http://localhost:8000/api/v1/categories?select=name&page=1&limit=2" "Mozilla/5.0 (Windows NT 10.0; Win64; x64) AppleWebKit/537.36 (KHTML, like Gecko) Chrome/99.0.4844.74 Safari/537.36"
::1 - - [22/Mar/2022:16:03:35 +0000] "GET /api/v1/categories?select=name&page=1&limit=3 HTTP/1.1" 200 272 "-" "Mozilla/5.0 (Windows NT 10.0; Win64; x64) AppleWebKit/537.36 (KHTML, like Gecko) Chrome/99.0.4844.74 Safari/537.36"
::1 - - [22/Mar/2022:16:03:35 +0000] "GET /images/icons/gear.png HTTP/1.1" 404 160 "http://localhost:8000/api/v1/categories?select=name&page=1&limit=3" "Mozilla/5.0 (Windows NT 10.0; Win64; x64) AppleWebKit/537.36 (KHTML, like Gecko) Chrome/99.0.4844.74 Safari/537.36"
::1 - - [22/Mar/2022:16:03:50 +0000] "GET /api/v1/categories?select=name&page=2&limit=3 HTTP/1.1" 200 100 "-" "Mozilla/5.0 (Windows NT 10.0; Win64; x64) AppleWebKit/537.36 (KHTML, like Gecko) Chrome/99.0.4844.74 Safari/537.36"
::1 - - [22/Mar/2022:16:03:50 +0000] "GET /images/icons/gear.png HTTP/1.1" 404 160 "http://localhost:8000/api/v1/categories?select=name&page=2&limit=3" "Mozilla/5.0 (Windows NT 10.0; Win64; x64) AppleWebKit/537.36 (KHTML, like Gecko) Chrome/99.0.4844.74 Safari/537.36"
::1 - - [22/Mar/2022:16:06:57 +0000] "GET /api/v1/categories?select=name&page=2&limit=1 HTTP/1.1" 500 28 "-" "Mozilla/5.0 (Windows NT 10.0; Win64; x64) AppleWebKit/537.36 (KHTML, like Gecko) Chrome/99.0.4844.74 Safari/537.36"
::1 - - [22/Mar/2022:16:07:01 +0000] "GET /images/icons/gear.png HTTP/1.1" 404 160 "http://localhost:8000/api/v1/categories?select=name&page=2&limit=1" "Mozilla/5.0 (Windows NT 10.0; Win64; x64) AppleWebKit/537.36 (KHTML, like Gecko) Chrome/99.0.4844.74 Safari/537.36"
::1 - - [22/Mar/2022:16:07:01 +0000] "GET /images/icons/gear.png HTTP/1.1" 404 160 "http://localhost:8000/api/v1/categories?select=name&page=2&limit=1" "Mozilla/5.0 (Windows NT 10.0; Win64; x64) AppleWebKit/537.36 (KHTML, like Gecko) Chrome/99.0.4844.74 Safari/537.36"
::1 - - [22/Mar/2022:16:07:05 +0000] "GET /api/v1/categories?select=name&page=1&limit=1 HTTP/1.1" 500 28 "-" "Mozilla/5.0 (Windows NT 10.0; Win64; x64) AppleWebKit/537.36 (KHTML, like Gecko) Chrome/99.0.4844.74 Safari/537.36"
::1 - - [22/Mar/2022:16:07:05 +0000] "GET /images/icons/gear.png HTTP/1.1" 404 160 "http://localhost:8000/api/v1/categories?select=name&page=1&limit=1" "Mozilla/5.0 (Windows NT 10.0; Win64; x64) AppleWebKit/537.36 (KHTML, like Gecko) Chrome/99.0.4844.74 Safari/537.36"
::1 - - [22/Mar/2022:16:07:20 +0000] "GET /api/v1/categories?select=name&page=1&limit=1 HTTP/1.1" 200 160 "-" "Mozilla/5.0 (Windows NT 10.0; Win64; x64) AppleWebKit/537.36 (KHTML, like Gecko) Chrome/99.0.4844.74 Safari/537.36"
::1 - - [22/Mar/2022:16:07:21 +0000] "GET /images/icons/gear.png HTTP/1.1" 404 160 "http://localhost:8000/api/v1/categories?select=name&page=1&limit=1" "Mozilla/5.0 (Windows NT 10.0; Win64; x64) AppleWebKit/537.36 (KHTML, like Gecko) Chrome/99.0.4844.74 Safari/537.36"
::1 - - [22/Mar/2022:16:10:29 +0000] "GET /api/v1/categories?select=name HTTP/1.1" 200 284 "-" "Mozilla/5.0 (Windows NT 10.0; Win64; x64) AppleWebKit/537.36 (KHTML, like Gecko) Chrome/99.0.4844.74 Safari/537.36"
::1 - - [22/Mar/2022:16:10:29 +0000] "GET /images/icons/gear.png HTTP/1.1" 404 160 "http://localhost:8000/api/v1/categories?select=name" "Mozilla/5.0 (Windows NT 10.0; Win64; x64) AppleWebKit/537.36 (KHTML, like Gecko) Chrome/99.0.4844.74 Safari/537.36"
::1 - - [22/Mar/2022:16:10:29 +0000] "GET /images/icons/gear.png HTTP/1.1" 404 160 "http://localhost:8000/api/v1/categories?select=name" "Mozilla/5.0 (Windows NT 10.0; Win64; x64) AppleWebKit/537.36 (KHTML, like Gecko) Chrome/99.0.4844.74 Safari/537.36"
::1 - - [23/Mar/2022:03:35:42 +0000] "GET /api/v1/categories/ HTTP/1.1" 200 818 "-" "Mozilla/5.0 (Windows NT 10.0; Win64; x64) AppleWebKit/537.36 (KHTML, like Gecko) Chrome/99.0.4844.74 Safari/537.36"
::1 - - [23/Mar/2022:03:35:42 +0000] "GET /images/icons/gear.png HTTP/1.1" 404 160 "http://localhost:8000/api/v1/categories/" "Mozilla/5.0 (Windows NT 10.0; Win64; x64) AppleWebKit/537.36 (KHTML, like Gecko) Chrome/99.0.4844.74 Safari/537.36"
::1 - - [23/Mar/2022:03:35:43 +0000] "GET /favicon.ico HTTP/1.1" 404 150 "http://localhost:8000/api/v1/categories/" "Mozilla/5.0 (Windows NT 10.0; Win64; x64) AppleWebKit/537.36 (KHTML, like Gecko) Chrome/99.0.4844.74 Safari/537.36"
::1 - - [23/Mar/2022:03:35:43 +0000] "GET /images/icons/gear.png HTTP/1.1" 404 160 "http://localhost:8000/api/v1/categories/" "Mozilla/5.0 (Windows NT 10.0; Win64; x64) AppleWebKit/537.36 (KHTML, like Gecko) Chrome/99.0.4844.74 Safari/537.36"
::1 - - [23/Mar/2022:03:36:49 +0000] "POST /api/v1/categories HTTP/1.1" 500 316 "-" "PostmanRuntime/7.29.0"
::1 - - [23/Mar/2022:03:37:26 +0000] "POST /api/v1/categories HTTP/1.1" 500 316 "-" "PostmanRuntime/7.29.0"
::1 - - [23/Mar/2022:03:39:18 +0000] "POST /api/v1/categories HTTP/1.1" 500 316 "-" "PostmanRuntime/7.29.0"
::1 - - [23/Mar/2022:03:40:07 +0000] "POST /api/v1/categories HTTP/1.1" 200 239 "-" "PostmanRuntime/7.29.0"
::1 - - [23/Mar/2022:03:40:49 +0000] "GET /api/v1/categories/ HTTP/1.1" 200 1034 "-" "Mozilla/5.0 (Windows NT 10.0; Win64; x64) AppleWebKit/537.36 (KHTML, like Gecko) Chrome/99.0.4844.74 Safari/537.36"
::1 - - [23/Mar/2022:03:40:50 +0000] "GET /images/icons/gear.png HTTP/1.1" 404 160 "http://localhost:8000/api/v1/categories/" "Mozilla/5.0 (Windows NT 10.0; Win64; x64) AppleWebKit/537.36 (KHTML, like Gecko) Chrome/99.0.4844.74 Safari/537.36"
::1 - - [23/Mar/2022:03:40:50 +0000] "GET /images/icons/gear.png HTTP/1.1" 404 160 "http://localhost:8000/api/v1/categories/" "Mozilla/5.0 (Windows NT 10.0; Win64; x64) AppleWebKit/537.36 (KHTML, like Gecko) Chrome/99.0.4844.74 Safari/537.36"
::1 - - [23/Mar/2022:03:42:05 +0000] "GET /api/v1/categories/ HTTP/1.1" 200 1053 "-" "Mozilla/5.0 (Windows NT 10.0; Win64; x64) AppleWebKit/537.36 (KHTML, like Gecko) Chrome/99.0.4844.74 Safari/537.36"
::1 - - [23/Mar/2022:03:42:05 +0000] "GET /images/icons/gear.png HTTP/1.1" 404 160 "http://localhost:8000/api/v1/categories/" "Mozilla/5.0 (Windows NT 10.0; Win64; x64) AppleWebKit/537.36 (KHTML, like Gecko) Chrome/99.0.4844.74 Safari/537.36"
::1 - - [29/Mar/2022:02:16:57 +0000] "GET /api/v1/categories/ HTTP/1.1" 200 95 "-" "Mozilla/5.0 (Windows NT 10.0; Win64; x64) AppleWebKit/537.36 (KHTML, like Gecko) Chrome/99.0.4844.82 Safari/537.36"
::1 - - [29/Mar/2022:02:16:57 +0000] "GET /images/icons/gear.png HTTP/1.1" 404 160 "http://localhost:8000/api/v1/categories/" "Mozilla/5.0 (Windows NT 10.0; Win64; x64) AppleWebKit/537.36 (KHTML, like Gecko) Chrome/99.0.4844.82 Safari/537.36"
::1 - - [29/Mar/2022:02:16:57 +0000] "GET /images/icons/gear.png HTTP/1.1" 404 160 "http://localhost:8000/api/v1/categories/" "Mozilla/5.0 (Windows NT 10.0; Win64; x64) AppleWebKit/537.36 (KHTML, like Gecko) Chrome/99.0.4844.82 Safari/537.36"
::1 - - [29/Mar/2022:02:16:58 +0000] "GET /api/v1/categories/ HTTP/1.1" 304 - "-" "Mozilla/5.0 (Windows NT 10.0; Win64; x64) AppleWebKit/537.36 (KHTML, like Gecko) Chrome/99.0.4844.82 Safari/537.36"
::1 - - [29/Mar/2022:02:16:58 +0000] "GET /images/icons/gear.png HTTP/1.1" 404 160 "http://localhost:8000/api/v1/categories/" "Mozilla/5.0 (Windows NT 10.0; Win64; x64) AppleWebKit/537.36 (KHTML, like Gecko) Chrome/99.0.4844.82 Safari/537.36"
::1 - - [29/Mar/2022:02:16:58 +0000] "GET /favicon.ico HTTP/1.1" 404 150 "http://localhost:8000/api/v1/categories/" "Mozilla/5.0 (Windows NT 10.0; Win64; x64) AppleWebKit/537.36 (KHTML, like Gecko) Chrome/99.0.4844.82 Safari/537.36"
::1 - - [29/Mar/2022:02:18:32 +0000] "GET /api/v1/categories?select=name&page=3&limit=1 HTTP/1.1" 200 110 "-" "PostmanRuntime/7.29.0"
::1 - - [29/Mar/2022:02:29:02 +0000] "GET /api/v1/categories/ HTTP/1.1" 304 - "-" "Mozilla/5.0 (Windows NT 10.0; Win64; x64) AppleWebKit/537.36 (KHTML, like Gecko) Chrome/99.0.4844.82 Safari/537.36"
::1 - - [29/Mar/2022:02:29:02 +0000] "GET /images/icons/gear.png HTTP/1.1" 404 160 "http://localhost:8000/api/v1/categories/" "Mozilla/5.0 (Windows NT 10.0; Win64; x64) AppleWebKit/537.36 (KHTML, like Gecko) Chrome/99.0.4844.82 Safari/537.36"
::1 - - [29/Mar/2022:02:45:58 +0000] "GET /api/v1/categories/ HTTP/1.1" 200 1052 "-" "Mozilla/5.0 (Windows NT 10.0; Win64; x64) AppleWebKit/537.36 (KHTML, like Gecko) Chrome/99.0.4844.82 Safari/537.36"
::1 - - [29/Mar/2022:02:45:58 +0000] "GET /images/icons/gear.png HTTP/1.1" 404 160 "http://localhost:8000/api/v1/categories/" "Mozilla/5.0 (Windows NT 10.0; Win64; x64) AppleWebKit/537.36 (KHTML, like Gecko) Chrome/99.0.4844.82 Safari/537.36"
::1 - - [29/Mar/2022:02:45:59 +0000] "GET /images/icons/gear.png HTTP/1.1" 404 160 "http://localhost:8000/api/v1/categories/" "Mozilla/5.0 (Windows NT 10.0; Win64; x64) AppleWebKit/537.36 (KHTML, like Gecko) Chrome/99.0.4844.82 Safari/537.36"
::1 - - [30/Mar/2022:05:16:50 +0000] "GET /api/v1/books/ HTTP/1.1" 200 26 "-" "Mozilla/5.0 (Windows NT 10.0; Win64; x64) AppleWebKit/537.36 (KHTML, like Gecko) Chrome/99.0.4844.82 Safari/537.36"
::1 - - [30/Mar/2022:05:16:50 +0000] "GET /images/icons/gear.png HTTP/1.1" 404 160 "http://localhost:8000/api/v1/books/" "Mozilla/5.0 (Windows NT 10.0; Win64; x64) AppleWebKit/537.36 (KHTML, like Gecko) Chrome/99.0.4844.82 Safari/537.36"
::1 - - [30/Mar/2022:05:16:50 +0000] "GET /favicon.ico HTTP/1.1" 404 150 "http://localhost:8000/api/v1/books/" "Mozilla/5.0 (Windows NT 10.0; Win64; x64) AppleWebKit/537.36 (KHTML, like Gecko) Chrome/99.0.4844.82 Safari/537.36"
::1 - - [30/Mar/2022:05:17:41 +0000] "GET /api/v1/books/ HTTP/1.1" 304 - "-" "Mozilla/5.0 (Windows NT 10.0; Win64; x64) AppleWebKit/537.36 (KHTML, like Gecko) Chrome/99.0.4844.82 Safari/537.36"
::1 - - [30/Mar/2022:05:17:41 +0000] "GET /images/icons/gear.png HTTP/1.1" 404 160 "http://localhost:8000/api/v1/books/" "Mozilla/5.0 (Windows NT 10.0; Win64; x64) AppleWebKit/537.36 (KHTML, like Gecko) Chrome/99.0.4844.82 Safari/537.36"
::1 - - [30/Mar/2022:05:17:41 +0000] "GET /images/icons/gear.png HTTP/1.1" 404 160 "http://localhost:8000/api/v1/books/" "Mozilla/5.0 (Windows NT 10.0; Win64; x64) AppleWebKit/537.36 (KHTML, like Gecko) Chrome/99.0.4844.82 Safari/537.36"
::1 - - [30/Mar/2022:05:22:52 +0000] "GET /api/v1/books/ HTTP/1.1" 200 6272 "-" "Mozilla/5.0 (Windows NT 10.0; Win64; x64) AppleWebKit/537.36 (KHTML, like Gecko) Chrome/99.0.4844.82 Safari/537.36"
::1 - - [30/Mar/2022:05:22:52 +0000] "GET /images/icons/gear.png HTTP/1.1" 404 160 "http://localhost:8000/api/v1/books/" "Mozilla/5.0 (Windows NT 10.0; Win64; x64) AppleWebKit/537.36 (KHTML, like Gecko) Chrome/99.0.4844.82 Safari/537.36"
::1 - - [30/Mar/2022:05:23:57 +0000] "GET /api/v1/books/ HTTP/1.1" 200 6282 "-" "Mozilla/5.0 (Windows NT 10.0; Win64; x64) AppleWebKit/537.36 (KHTML, like Gecko) Chrome/99.0.4844.82 Safari/537.36"
::1 - - [30/Mar/2022:05:23:57 +0000] "GET /images/icons/gear.png HTTP/1.1" 404 160 "http://localhost:8000/api/v1/books/" "Mozilla/5.0 (Windows NT 10.0; Win64; x64) AppleWebKit/537.36 (KHTML, like Gecko) Chrome/99.0.4844.82 Safari/537.36"
::1 - - [30/Mar/2022:05:34:54 +0000] "GET /api/v1/categories/6209382fc22e136c413b79a1/books HTTP/1.1" 200 36 "-" "PostmanRuntime/7.29.0"
::1 - - [30/Mar/2022:05:35:04 +0000] "GET /api/v1/categories?select=name&page=3&limit=1 HTTP/1.1" 200 175 "-" "PostmanRuntime/7.29.0"
::1 - - [30/Mar/2022:05:35:16 +0000] "GET /api/v1/categories/623a96962490479b0e1f945f/books HTTP/1.1" 200 1605 "-" "PostmanRuntime/7.29.0"
::1 - - [30/Mar/2022:05:35:52 +0000] "GET /api/v1/categories?select=name HTTP/1.1" 200 357 "-" "PostmanRuntime/7.29.0"
::1 - - [30/Mar/2022:05:36:05 +0000] "GET /api/v1/categories/620e682a7608370a877eb65e/books HTTP/1.1" 200 2289 "-" "PostmanRuntime/7.29.0"
::1 - - [30/Mar/2022:05:39:25 +0000] "GET /api/v1/categories/620e682a7608370a877eb65e/books HTTP/1.1" 200 6282 "-" "PostmanRuntime/7.29.0"
::1 - - [30/Mar/2022:05:45:31 +0000] "GET /api/v1/categories/620e682a7608370a877eb65e/books HTTP/1.1" 200 2289 "-" "PostmanRuntime/7.29.0"
